This file contains any messages produced by compilers while
running configure, to aid debugging if configure makes a mistake.

It was created by libposix++ configure 6335b6d-dirty, which was
generated by GNU Autoconf 2.69.  Invocation command line was

  $ ./configure 

## --------- ##
## Platform. ##
## --------- ##

hostname = quake
uname -m = x86_64
uname -r = 5.13.0-40-generic
uname -s = Linux
uname -v = #45~20.04.1-Ubuntu SMP Mon Apr 4 09:38:31 UTC 2022

/usr/bin/uname -p = x86_64
/bin/uname -X     = unknown

/bin/arch              = x86_64
/usr/bin/arch -k       = unknown
/usr/convex/getsysinfo = unknown
/usr/bin/hostinfo      = unknown
/bin/machine           = unknown
/usr/bin/oslevel       = unknown
/bin/universe          = unknown

PATH: /home/quake/bin
PATH: /home/quake/torch/install/bin
PATH: /home/quake/torch/install/bin
PATH: /home/quake/torch/install/bin
PATH: /home/quake/torch/install/bin
PATH: /home/quake/torch/install/bin
PATH: /home/quake/torch/install/bin
PATH: /home/quake/.local/bin
PATH: /home/quake/bin
PATH: /home/quake/bin
PATH: /home/quake/torch/install/bin
PATH: /home/quake/torch/install/bin
PATH: /home/quake/torch/install/bin
PATH: /home/quake/torch/install/bin
PATH: /home/quake/torch/install/bin
PATH: /home/quake/torch/install/bin
PATH: /home/quake/.local/bin
PATH: /home/quake/bin
PATH: /usr/local/sbin
PATH: /usr/local/bin
PATH: /usr/sbin
PATH: /usr/bin
PATH: /sbin
PATH: /bin
PATH: /usr/games
PATH: /usr/local/games
PATH: /snap/bin


## ----------- ##
## Core tests. ##
## ----------- ##

configure:2575: checking for a BSD-compatible install
configure:2643: result: /usr/bin/install -c
configure:2654: checking whether build environment is sane
configure:2709: result: yes
configure:2858: checking for a thread-safe mkdir -p
configure:2897: result: /usr/bin/mkdir -p
configure:2904: checking for gawk
configure:2934: result: no
configure:2904: checking for mawk
configure:2920: found /usr/bin/mawk
configure:2931: result: mawk
configure:2942: checking whether make sets $(MAKE)
configure:2964: result: yes
configure:2993: checking whether make supports nested variables
configure:3010: result: yes
configure:3147: checking whether make supports nested variables
configure:3164: result: yes
configure:3230: checking for clang
configure:3246: found /usr/bin/clang
configure:3257: result: clang
configure:3288: checking for C compiler version
configure:3297: clang --version >&5
clang version 10.0.0-4ubuntu1 
Target: x86_64-pc-linux-gnu
Thread model: posix
InstalledDir: /usr/bin
configure:3308: $? = 0
configure:3297: clang -v >&5
clang version 10.0.0-4ubuntu1 
Target: x86_64-pc-linux-gnu
Thread model: posix
InstalledDir: /usr/bin
Found candidate GCC installation: /usr/bin/../lib/gcc/x86_64-linux-gnu/7
Found candidate GCC installation: /usr/bin/../lib/gcc/x86_64-linux-gnu/7.5.0
Found candidate GCC installation: /usr/bin/../lib/gcc/x86_64-linux-gnu/8
Found candidate GCC installation: /usr/bin/../lib/gcc/x86_64-linux-gnu/9
Found candidate GCC installation: /usr/lib/gcc/x86_64-linux-gnu/7
Found candidate GCC installation: /usr/lib/gcc/x86_64-linux-gnu/7.5.0
... rest of stderr output deleted ...
configure:3308: $? = 0
configure:3297: clang -V >&5
clang: error: argument to '-V' is missing (expected 1 value)
clang: error: no input files
configure:3308: $? = 1
configure:3297: clang -qversion >&5
clang: error: unknown argument '-qversion'; did you mean '--version'?
clang: error: no input files
configure:3308: $? = 1
configure:3328: checking whether the C compiler works
configure:3350: clang    conftest.c  >&5
configure:3354: $? = 0
configure:3402: result: yes
configure:3405: checking for C compiler default output file name
configure:3407: result: a.out
configure:3413: checking for suffix of executables
configure:3420: clang -o conftest    conftest.c  >&5
configure:3424: $? = 0
configure:3446: result: 
configure:3468: checking whether we are cross compiling
configure:3476: clang -o conftest    conftest.c  >&5
configure:3480: $? = 0
configure:3487: ./conftest
configure:3491: $? = 0
configure:3479: result: no
configure:3484: checking for suffix of object files
configure:3506: clang -c   conftest.c >&5
configure:3510: $? = 0
configure:3531: result: o
configure:3535: checking whether we are using the GNU C compiler
configure:3554: clang -c   conftest.c >&5
configure:3554: $? = 0
configure:3563: result: yes
configure:3572: checking whether clang accepts -g
configure:3592: clang -c -g  conftest.c >&5
configure:3592: $? = 0
configure:3633: result: yes
configure:3650: checking for clang option to accept ISO C89
configure:3713: clang  -c -g -O2  conftest.c >&5
configure:3713: $? = 0
configure:3726: result: none needed
configure:3751: checking whether clang understands -c and -o together
configure:3773: clang -c conftest.c -o conftest2.o
configure:3776: $? = 0
configure:3773: clang -c conftest.c -o conftest2.o
configure:3776: $? = 0
configure:3788: result: yes
configure:3808: checking whether make supports the include directive
configure:3823: make -f confmf.GNU && cat confinc.out
this is the am__doit target
configure:3826: $? = 0
configure:3845: result: yes (GNU style)
configure:3870: checking dependency style of clang
configure:3981: result: gcc3
configure:3996: checking for clang option to accept ISO C99
configure:4145: clang  -c -g -O2  conftest.c >&5
configure:4145: $? = 0
configure:4158: result: none needed
configure:4179: checking how to run the C preprocessor
configure:4210: clang -E  conftest.c
configure:4210: $? = 0
configure:4224: clang -E  conftest.c
conftest.c:11:10: fatal error: 'ac_nonexistent.h' file not found
#include <ac_nonexistent.h>
         ^~~~~~~~~~~~~~~~~~
1 error generated.
configure:4224: $? = 1
configure: failed program was:
| /* confdefs.h */
| #define PACKAGE_NAME "libposix++"
| #define PACKAGE_TARNAME "libposix++"
| #define PACKAGE_VERSION "6335b6d-dirty"
| #define PACKAGE_STRING "libposix++ 6335b6d-dirty"
| #define PACKAGE_BUGREPORT "arto@bendiken.net"
| #define PACKAGE_URL "https://github.com/dryproject/libposixxx"
| #define PACKAGE "libposix++"
| #define VERSION "6335b6d-dirty"
| /* end confdefs.h.  */
| #include <ac_nonexistent.h>
configure:4249: result: clang -E
configure:4269: clang -E  conftest.c
configure:4269: $? = 0
configure:4283: clang -E  conftest.c
conftest.c:11:10: fatal error: 'ac_nonexistent.h' file not found
#include <ac_nonexistent.h>
         ^~~~~~~~~~~~~~~~~~
1 error generated.
configure:4283: $? = 1
configure: failed program was:
| /* confdefs.h */
| #define PACKAGE_NAME "libposix++"
| #define PACKAGE_TARNAME "libposix++"
| #define PACKAGE_VERSION "6335b6d-dirty"
| #define PACKAGE_STRING "libposix++ 6335b6d-dirty"
| #define PACKAGE_BUGREPORT "arto@bendiken.net"
| #define PACKAGE_URL "https://github.com/dryproject/libposixxx"
| #define PACKAGE "libposix++"
| #define VERSION "6335b6d-dirty"
| /* end confdefs.h.  */
| #include <ac_nonexistent.h>
configure:4369: checking for clang++
configure:4385: found /usr/bin/clang++
configure:4396: result: clang++
configure:4423: checking for C++ compiler version
configure:4432: clang++ --version >&5
clang version 10.0.0-4ubuntu1 
Target: x86_64-pc-linux-gnu
Thread model: posix
InstalledDir: /usr/bin
configure:4443: $? = 0
configure:4432: clang++ -v >&5
clang version 10.0.0-4ubuntu1 
Target: x86_64-pc-linux-gnu
Thread model: posix
InstalledDir: /usr/bin
Found candidate GCC installation: /usr/bin/../lib/gcc/x86_64-linux-gnu/7
Found candidate GCC installation: /usr/bin/../lib/gcc/x86_64-linux-gnu/7.5.0
Found candidate GCC installation: /usr/bin/../lib/gcc/x86_64-linux-gnu/8
Found candidate GCC installation: /usr/bin/../lib/gcc/x86_64-linux-gnu/9
Found candidate GCC installation: /usr/lib/gcc/x86_64-linux-gnu/7
Found candidate GCC installation: /usr/lib/gcc/x86_64-linux-gnu/7.5.0
... rest of stderr output deleted ...
configure:4443: $? = 0
configure:4432: clang++ -V >&5
clang: error: argument to '-V' is missing (expected 1 value)
clang: error: no input files
configure:4443: $? = 1
configure:4432: clang++ -qversion >&5
clang: error: unknown argument '-qversion'; did you mean '--version'?
clang: error: no input files
configure:4443: $? = 1
configure:4447: checking whether we are using the GNU C++ compiler
configure:4466: clang++ -c   conftest.cpp >&5
configure:4466: $? = 0
configure:4475: result: yes
configure:4484: checking whether clang++ accepts -g
configure:4504: clang++ -c -g  conftest.cpp >&5
configure:4504: $? = 0
configure:4545: result: yes
configure:4570: checking dependency style of clang++
configure:4681: result: gcc3
configure:4701: checking how to run the C++ preprocessor
configure:4728: clang++ -E  conftest.cpp
configure:4728: $? = 0
configure:4742: clang++ -E  conftest.cpp
conftest.cpp:11:10: fatal error: 'ac_nonexistent.h' file not found
#include <ac_nonexistent.h>
         ^~~~~~~~~~~~~~~~~~
1 error generated.
configure:4742: $? = 1
configure: failed program was:
| /* confdefs.h */
| #define PACKAGE_NAME "libposix++"
| #define PACKAGE_TARNAME "libposix++"
| #define PACKAGE_VERSION "6335b6d-dirty"
| #define PACKAGE_STRING "libposix++ 6335b6d-dirty"
| #define PACKAGE_BUGREPORT "arto@bendiken.net"
| #define PACKAGE_URL "https://github.com/dryproject/libposixxx"
| #define PACKAGE "libposix++"
| #define VERSION "6335b6d-dirty"
| /* end confdefs.h.  */
| #include <ac_nonexistent.h>
configure:4767: result: clang++ -E
configure:4787: clang++ -E  conftest.cpp
configure:4787: $? = 0
configure:4801: clang++ -E  conftest.cpp
conftest.cpp:11:10: fatal error: 'ac_nonexistent.h' file not found
#include <ac_nonexistent.h>
         ^~~~~~~~~~~~~~~~~~
1 error generated.
configure:4801: $? = 1
configure: failed program was:
| /* confdefs.h */
| #define PACKAGE_NAME "libposix++"
| #define PACKAGE_TARNAME "libposix++"
| #define PACKAGE_VERSION "6335b6d-dirty"
| #define PACKAGE_STRING "libposix++ 6335b6d-dirty"
| #define PACKAGE_BUGREPORT "arto@bendiken.net"
| #define PACKAGE_URL "https://github.com/dryproject/libposixxx"
| #define PACKAGE "libposix++"
| #define VERSION "6335b6d-dirty"
| /* end confdefs.h.  */
| #include <ac_nonexistent.h>
configure:4831: checking for grep that handles long lines and -e
configure:4889: result: /usr/bin/grep
configure:4894: checking for egrep
configure:4956: result: /usr/bin/grep -E
configure:4961: checking for ANSI C header files
configure:4981: clang -c -g -O2  conftest.c >&5
configure:4981: $? = 0
configure:5054: clang -o conftest -g -O2   conftest.c  >&5
configure:5054: $? = 0
configure:5054: ./conftest
configure:5054: $? = 0
configure:5065: result: yes
configure:5078: checking for sys/types.h
configure:5078: clang -c -g -O2  conftest.c >&5
configure:5078: $? = 0
configure:5078: result: yes
configure:5078: checking for sys/stat.h
configure:5078: clang -c -g -O2  conftest.c >&5
configure:5078: $? = 0
configure:5078: result: yes
configure:5078: checking for stdlib.h
configure:5078: clang -c -g -O2  conftest.c >&5
configure:5078: $? = 0
configure:5078: result: yes
configure:5078: checking for string.h
configure:5078: clang -c -g -O2  conftest.c >&5
configure:5078: $? = 0
configure:5078: result: yes
configure:5078: checking for memory.h
configure:5078: clang -c -g -O2  conftest.c >&5
configure:5078: $? = 0
configure:5078: result: yes
configure:5078: checking for strings.h
configure:5078: clang -c -g -O2  conftest.c >&5
configure:5078: $? = 0
configure:5078: result: yes
configure:5078: checking for inttypes.h
configure:5078: clang -c -g -O2  conftest.c >&5
configure:5078: $? = 0
configure:5078: result: yes
configure:5078: checking for stdint.h
configure:5078: clang -c -g -O2  conftest.c >&5
configure:5078: $? = 0
configure:5078: result: yes
configure:5078: checking for unistd.h
configure:5078: clang -c -g -O2  conftest.c >&5
configure:5078: $? = 0
configure:5078: result: yes
configure:5091: checking minix/config.h usability
configure:5091: clang -c -g -O2  conftest.c >&5
conftest.c:54:10: fatal error: 'minix/config.h' file not found
#include <minix/config.h>
         ^~~~~~~~~~~~~~~~
1 error generated.
configure:5091: $? = 1
configure: failed program was:
| /* confdefs.h */
| #define PACKAGE_NAME "libposix++"
| #define PACKAGE_TARNAME "libposix++"
| #define PACKAGE_VERSION "6335b6d-dirty"
| #define PACKAGE_STRING "libposix++ 6335b6d-dirty"
| #define PACKAGE_BUGREPORT "arto@bendiken.net"
| #define PACKAGE_URL "https://github.com/dryproject/libposixxx"
| #define PACKAGE "libposix++"
| #define VERSION "6335b6d-dirty"
| #define STDC_HEADERS 1
| #define HAVE_SYS_TYPES_H 1
| #define HAVE_SYS_STAT_H 1
| #define HAVE_STDLIB_H 1
| #define HAVE_STRING_H 1
| #define HAVE_MEMORY_H 1
| #define HAVE_STRINGS_H 1
| #define HAVE_INTTYPES_H 1
| #define HAVE_STDINT_H 1
| #define HAVE_UNISTD_H 1
| /* end confdefs.h.  */
| #include <stdio.h>
| #ifdef HAVE_SYS_TYPES_H
| # include <sys/types.h>
| #endif
| #ifdef HAVE_SYS_STAT_H
| # include <sys/stat.h>
| #endif
| #ifdef STDC_HEADERS
| # include <stdlib.h>
| # include <stddef.h>
| #else
| # ifdef HAVE_STDLIB_H
| #  include <stdlib.h>
| # endif
| #endif
| #ifdef HAVE_STRING_H
| # if !defined STDC_HEADERS && defined HAVE_MEMORY_H
| #  include <memory.h>
| # endif
| # include <string.h>
| #endif
| #ifdef HAVE_STRINGS_H
| # include <strings.h>
| #endif
| #ifdef HAVE_INTTYPES_H
| # include <inttypes.h>
| #endif
| #ifdef HAVE_STDINT_H
| # include <stdint.h>
| #endif
| #ifdef HAVE_UNISTD_H
| # include <unistd.h>
| #endif
| #include <minix/config.h>
configure:5091: result: no
configure:5091: checking minix/config.h presence
configure:5091: clang -E  conftest.c
conftest.c:21:10: fatal error: 'minix/config.h' file not found
#include <minix/config.h>
         ^~~~~~~~~~~~~~~~
1 error generated.
configure:5091: $? = 1
configure: failed program was:
| /* confdefs.h */
| #define PACKAGE_NAME "libposix++"
| #define PACKAGE_TARNAME "libposix++"
| #define PACKAGE_VERSION "6335b6d-dirty"
| #define PACKAGE_STRING "libposix++ 6335b6d-dirty"
| #define PACKAGE_BUGREPORT "arto@bendiken.net"
| #define PACKAGE_URL "https://github.com/dryproject/libposixxx"
| #define PACKAGE "libposix++"
| #define VERSION "6335b6d-dirty"
| #define STDC_HEADERS 1
| #define HAVE_SYS_TYPES_H 1
| #define HAVE_SYS_STAT_H 1
| #define HAVE_STDLIB_H 1
| #define HAVE_STRING_H 1
| #define HAVE_MEMORY_H 1
| #define HAVE_STRINGS_H 1
| #define HAVE_INTTYPES_H 1
| #define HAVE_STDINT_H 1
| #define HAVE_UNISTD_H 1
| /* end confdefs.h.  */
| #include <minix/config.h>
configure:5091: result: no
configure:5091: checking for minix/config.h
configure:5091: result: no
configure:5112: checking whether it is safe to define __EXTENSIONS__
configure:5130: clang -c -g -O2  conftest.c >&5
configure:5130: $? = 0
configure:5137: result: yes
configure:5200: checking for ar
configure:5216: found /usr/bin/ar
configure:5227: result: ar
configure:5253: checking the archiver (ar) interface
configure:5269: clang -c -g -O2  conftest.c >&5
configure:5269: $? = 0
configure:5271: ar cru libconftest.a conftest.o >&5
ar: `u' modifier ignored since `D' is the default (see `U')
configure:5274: $? = 0
configure:5273: result: ar
configure:5322: checking build system type
configure:5336: result: x86_64-pc-linux-gnu
configure:5356: checking host system type
configure:5369: result: x86_64-pc-linux-gnu
configure:5410: checking how to print strings
configure:5437: result: printf
configure:5458: checking for a sed that does not truncate output
configure:5522: result: /usr/bin/sed
configure:5540: checking for fgrep
configure:5602: result: /usr/bin/grep -F
configure:5637: checking for ld used by clang
configure:5704: result: /usr/bin/ld
configure:5711: checking if the linker (/usr/bin/ld) is GNU ld
configure:5726: result: yes
configure:5738: checking for BSD- or MS-compatible name lister (nm)
configure:5792: result: /usr/bin/nm -B
configure:5922: checking the name lister (/usr/bin/nm -B) interface
configure:5929: clang -c -g -O2  conftest.c >&5
configure:5932: /usr/bin/nm -B "conftest.o"
configure:5935: output
0000000000000000 B some_variable
configure:5936: result: BSD nm
configure:5939: checking whether ln -s works
configure:5943: result: yes
configure:5951: checking the maximum length of command line arguments
configure:6082: result: 1572864
configure:6130: checking how to convert x86_64-pc-linux-gnu file names to x86_64-pc-linux-gnu format
configure:6170: result: func_convert_file_noop
configure:6177: checking how to convert x86_64-pc-linux-gnu file names to toolchain format
configure:6197: result: func_convert_file_noop
configure:6204: checking for /usr/bin/ld option to reload object files
configure:6211: result: -r
configure:6285: checking for objdump
configure:6301: found /usr/bin/objdump
configure:6312: result: objdump
configure:6344: checking how to recognize dependent libraries
configure:6544: result: pass_all
configure:6629: checking for dlltool
configure:6659: result: no
configure:6689: checking how to associate runtime and link libraries
configure:6716: result: printf %s\n
configure:6840: checking for archiver @FILE support
configure:6857: clang -c -g -O2  conftest.c >&5
configure:6857: $? = 0
configure:6860: ar cr libconftest.a @conftest.lst >&5
configure:6863: $? = 0
configure:6868: ar cr libconftest.a @conftest.lst >&5
ar: conftest.o: No such file or directory
configure:6871: $? = 1
configure:6870: result: @
configure:6928: checking for strip
configure:6944: found /usr/bin/strip
configure:6955: result: strip
configure:7027: checking for ranlib
configure:7043: found /usr/bin/ranlib
configure:7054: result: ranlib
configure:7156: checking command to parse /usr/bin/nm -B output from clang object
configure:7309: clang -c -g -O2  conftest.c >&5
configure:7312: $? = 0
configure:7316: /usr/bin/nm -B conftest.o | sed -n -e 's/^.*[	 ]\([ABCDGIRSTW][ABCDGIRSTW]*\)[	 ][	 ]*\([_A-Za-z][_A-Za-z0-9]*\)$/\1 \2 \2/p' | sed '/ __gnu_lto/d' > conftest.nm
configure:7382: clang -o conftest -g -O2   conftest.c conftstm.o >&5
configure:7385: $? = 0
configure:7423: result: ok
configure:7470: checking for sysroot
configure:7500: result: no
configure:7507: checking for a working dd
configure:7545: result: /usr/bin/dd
configure:7549: checking how to truncate binary pipes
configure:7564: result: /usr/bin/dd bs=4096 count=1
configure:7700: clang -c -g -O2  conftest.c >&5
configure:7703: $? = 0
configure:7893: checking for mt
configure:7909: found /usr/bin/mt
configure:7920: result: mt
configure:7943: checking if mt is a manifest tool
configure:7949: mt '-?'
configure:7957: result: no
configure:8631: checking for dlfcn.h
configure:8631: clang -c -g -O2  conftest.c >&5
configure:8631: $? = 0
configure:8631: result: yes
configure:8898: checking for objdir
configure:8913: result: .libs
configure:9177: checking if clang supports -fno-rtti -fno-exceptions
configure:9195: clang -c -g -O2  -fno-rtti -fno-exceptions conftest.c >&5
configure:9199: $? = 0
configure:9212: result: yes
configure:9576: checking for clang option to produce PIC
configure:9583: result: -fPIC -DPIC
configure:9591: checking if clang PIC flag -fPIC -DPIC works
configure:9609: clang -c -g -O2  -fPIC -DPIC -DPIC conftest.c >&5
configure:9613: $? = 0
configure:9626: result: yes
configure:9655: checking if clang static flag -static works
configure:9683: result: yes
configure:9698: checking if clang supports -c -o file.o
configure:9719: clang -c -g -O2  -o out/conftest2.o conftest.c >&5
configure:9723: $? = 0
configure:9745: result: yes
configure:9753: checking if clang supports -c -o file.o
configure:9800: result: yes
configure:9833: checking whether the clang linker (/usr/bin/ld -m elf_x86_64) supports shared libraries
configure:11096: result: yes
configure:11133: checking whether -lc should be explicitly linked in
configure:11141: clang -c -g -O2  conftest.c >&5
configure:11144: $? = 0
configure:11159: clang -shared  -fPIC -DPIC conftest.o  -v -Wl,-soname -Wl,conftest -o conftest 2\>\&1 \| /usr/bin/grep  -lc  \>/dev/null 2\>\&1
configure:11162: $? = 0
configure:11176: result: no
configure:11336: checking dynamic linker characteristics
configure:11917: clang -o conftest -g -O2   -Wl,-rpath -Wl,/foo conftest.c  >&5
configure:11917: $? = 0
configure:12166: result: GNU/Linux ld.so
configure:12288: checking how to hardcode library paths into programs
configure:12313: result: immediate
configure:12861: checking whether stripping libraries is possible
configure:12866: result: yes
configure:12901: checking if libtool supports shared libraries
configure:12903: result: yes
configure:12906: checking whether to build shared libraries
configure:12931: result: yes
configure:12934: checking whether to build static libraries
configure:12938: result: yes
configure:9737: checking how to run the C++ preprocessor
configure:9803: result: clang++ -E
configure:9823: clang++ -E  conftest.cpp
configure:9823: $? = 0
configure:9837: clang++ -E  conftest.cpp
conftest.cpp:28:10: fatal error: 'ac_nonexistent.h' file not found
#include <ac_nonexistent.h>
         ^~~~~~~~~~~~~~~~~~
1 error generated.
configure:9837: $? = 1
configure: failed program was:
| /* confdefs.h */
| #define PACKAGE_NAME "libposix++"
| #define PACKAGE_TARNAME "libposix++"
| #define PACKAGE_VERSION "6335b6d-dirty"
| #define PACKAGE_STRING "libposix++ 6335b6d-dirty"
| #define PACKAGE_BUGREPORT "arto@bendiken.net"
| #define PACKAGE_URL "https://github.com/dryproject/libposixxx"
| #define PACKAGE "libposix++"
| #define VERSION "6335b6d-dirty"
| #define STDC_HEADERS 1
| #define HAVE_SYS_TYPES_H 1
| #define HAVE_SYS_STAT_H 1
| #define HAVE_STDLIB_H 1
| #define HAVE_STRING_H 1
| #define HAVE_MEMORY_H 1
| #define HAVE_STRINGS_H 1
| #define HAVE_INTTYPES_H 1
| #define HAVE_STDINT_H 1
| #define HAVE_UNISTD_H 1
| #define __EXTENSIONS__ 1
| #define _ALL_SOURCE 1
| #define _GNU_SOURCE 1
| #define _POSIX_PTHREAD_SEMANTICS 1
| #define _TANDEM_SOURCE 1
| #define HAVE_DLFCN_H 1
| #define LT_OBJDIR ".libs/"
| /* end confdefs.h.  */
| #include <ac_nonexistent.h>
configure:9999: checking for ld used by clang++
configure:10066: result: /usr/bin/ld -m elf_x86_64
configure:10073: checking if the linker (/usr/bin/ld -m elf_x86_64) is GNU ld
configure:10088: result: yes
configure:10143: checking whether the clang++ linker (/usr/bin/ld -m elf_x86_64) supports shared libraries
configure:11216: result: yes
configure:11252: clang++ -c -g -O2  conftest.cpp >&5
configure:11255: $? = 0
configure:11736: checking for clang++ option to produce PIC
configure:11743: result: -fPIC -DPIC
configure:11751: checking if clang++ PIC flag -fPIC -DPIC works
configure:11769: clang++ -c -g -O2  -fPIC -DPIC -DPIC conftest.cpp >&5
configure:11773: $? = 0
configure:11786: result: yes
configure:11809: checking if clang++ static flag -static works
configure:11837: result: yes
configure:11849: checking if clang++ supports -c -o file.o
configure:11870: clang++ -c -g -O2  -o out/conftest2.o conftest.cpp >&5
configure:11874: $? = 0
configure:11896: result: yes
configure:11901: checking if clang++ supports -c -o file.o
configure:11948: result: yes
configure:11978: checking whether the clang++ linker (/usr/bin/ld -m elf_x86_64) supports shared libraries
configure:12021: result: yes
configure:12162: checking dynamic linker characteristics
configure:12919: result: GNU/Linux ld.so
configure:12984: checking how to hardcode library paths into programs
configure:13009: result: immediate
configure:11908: checking whether clang++ supports C++11 features by default
configure:11932: clang++ -c -g -O2  conftest.cpp >&5
configure:11932: $? = 0
configure:11939: result: yes
configure:12158: checking whether to enable assertions
configure:12176: result: yes
configure:12179: checking for stdbool.h that conforms to C99
configure:12246: clang -c -g -O2  conftest.c >&5
conftest.c:78:24: warning: address of 's' will always evaluate to 'true' [-Wpointer-bool-conversion]
             bool e = &s;
                  ~    ^
conftest.c:82:23: warning: address of array 'a' will always evaluate to 'true' [-Wpointer-bool-conversion]
             return (!a + !b + !c + !d + !e + !f + !g + !h + !i + !!j + !k + !!l
                     ~^
conftest.c:82:28: warning: address of array 'b' will always evaluate to 'true' [-Wpointer-bool-conversion]
             return (!a + !b + !c + !d + !e + !f + !g + !h + !i + !!j + !k + !!l
                          ~^
conftest.c:82:33: warning: address of array 'c' will always evaluate to 'true' [-Wpointer-bool-conversion]
             return (!a + !b + !c + !d + !e + !f + !g + !h + !i + !!j + !k + !!l
                               ~^
conftest.c:82:38: warning: address of array 'd' will always evaluate to 'true' [-Wpointer-bool-conversion]
             return (!a + !b + !c + !d + !e + !f + !g + !h + !i + !!j + !k + !!l
                                    ~^
conftest.c:82:48: warning: address of array 'f' will always evaluate to 'true' [-Wpointer-bool-conversion]
             return (!a + !b + !c + !d + !e + !f + !g + !h + !i + !!j + !k + !!l
                                              ~^
conftest.c:82:53: warning: address of array 'g' will always evaluate to 'true' [-Wpointer-bool-conversion]
             return (!a + !b + !c + !d + !e + !f + !g + !h + !i + !!j + !k + !!l
                                                   ~^
conftest.c:82:58: warning: address of array 'h' will always evaluate to 'true' [-Wpointer-bool-conversion]
             return (!a + !b + !c + !d + !e + !f + !g + !h + !i + !!j + !k + !!l
                                                        ~^
conftest.c:82:63: warning: address of array 'i' will always evaluate to 'true' [-Wpointer-bool-conversion]
             return (!a + !b + !c + !d + !e + !f + !g + !h + !i + !!j + !k + !!l
                                                             ~^
conftest.c:83:30: warning: address of array 'n' will always evaluate to 'true' [-Wpointer-bool-conversion]
                            ~^
conftest.c:83:35: warning: address of array 'o' will always evaluate to 'true' [-Wpointer-bool-conversion]
                                 ~^
conftest.c:83:40: warning: address of array 'p' will always evaluate to 'true' [-Wpointer-bool-conversion]
                                      ~^
12 warnings generated.
configure:12246: $? = 0
configure:12253: result: yes
configure:12255: checking for _Bool
configure:12255: clang -c -g -O2  conftest.c >&5
configure:12255: $? = 0
configure:12255: clang -c -g -O2  conftest.c >&5
conftest.c:65:20: error: expected expression
if (sizeof ((_Bool)))
                   ^
1 error generated.
configure:12255: $? = 1
configure: failed program was:
| /* confdefs.h */
| #define PACKAGE_NAME "libposix++"
| #define PACKAGE_TARNAME "libposix++"
| #define PACKAGE_VERSION "6335b6d-dirty"
| #define PACKAGE_STRING "libposix++ 6335b6d-dirty"
| #define PACKAGE_BUGREPORT "arto@bendiken.net"
| #define PACKAGE_URL "https://github.com/dryproject/libposixxx"
| #define PACKAGE "libposix++"
| #define VERSION "6335b6d-dirty"
| #define STDC_HEADERS 1
| #define HAVE_SYS_TYPES_H 1
| #define HAVE_SYS_STAT_H 1
| #define HAVE_STDLIB_H 1
| #define HAVE_STRING_H 1
| #define HAVE_MEMORY_H 1
| #define HAVE_STRINGS_H 1
| #define HAVE_INTTYPES_H 1
| #define HAVE_STDINT_H 1
| #define HAVE_UNISTD_H 1
| #define __EXTENSIONS__ 1
| #define _ALL_SOURCE 1
| #define _GNU_SOURCE 1
| #define _POSIX_PTHREAD_SEMANTICS 1
| #define _TANDEM_SOURCE 1
| #define HAVE_DLFCN_H 1
| #define LT_OBJDIR ".libs/"
| #define NDEBUG 1
| /* end confdefs.h.  */
| #include <stdio.h>
| #ifdef HAVE_SYS_TYPES_H
| # include <sys/types.h>
| #endif
| #ifdef HAVE_SYS_STAT_H
| # include <sys/stat.h>
| #endif
| #ifdef STDC_HEADERS
| # include <stdlib.h>
| # include <stddef.h>
| #else
| # ifdef HAVE_STDLIB_H
| #  include <stdlib.h>
| # endif
| #endif
| #ifdef HAVE_STRING_H
| # if !defined STDC_HEADERS && defined HAVE_MEMORY_H
| #  include <memory.h>
| # endif
| # include <string.h>
| #endif
| #ifdef HAVE_STRINGS_H
| # include <strings.h>
| #endif
| #ifdef HAVE_INTTYPES_H
| # include <inttypes.h>
| #endif
| #ifdef HAVE_STDINT_H
| # include <stdint.h>
| #endif
| #ifdef HAVE_UNISTD_H
| # include <unistd.h>
| #endif
| int
| main ()
| {
| if (sizeof ((_Bool)))
| 	    return 0;
|   ;
|   return 0;
| }
configure:12255: result: yes
configure:12278: checking for mqueue.h
configure:12278: clang -c -g -O2  conftest.c >&5
configure:12278: $? = 0
configure:12278: result: yes
configure:12327: checking for accept4
configure:12327: clang++ -o conftest -g -O2   conftest.cpp  >&5
configure:12327: $? = 0
configure:12327: result: yes
configure:12339: checking for fdopendir
configure:12339: clang++ -o conftest -g -O2   conftest.cpp  >&5
configure:12339: $? = 0
configure:12339: result: yes
configure:12352: checking for fstatat
configure:12352: clang++ -o conftest -g -O2   conftest.cpp  >&5
configure:12352: $? = 0
configure:12352: result: yes
configure:12365: checking for linkat
configure:12365: clang++ -o conftest -g -O2   conftest.cpp  >&5
configure:12365: $? = 0
configure:12365: result: yes
configure:12378: checking for mkdirat
configure:12378: clang++ -o conftest -g -O2   conftest.cpp  >&5
configure:12378: $? = 0
configure:12378: result: yes
configure:12391: checking for mkfifoat
configure:12391: clang++ -o conftest -g -O2   conftest.cpp  >&5
configure:12391: $? = 0
configure:12391: result: yes
configure:12404: checking for openat
configure:12404: clang++ -o conftest -g -O2   conftest.cpp  >&5
configure:12404: $? = 0
configure:12404: result: yes
configure:12417: checking for readlinkat
configure:12417: clang++ -o conftest -g -O2   conftest.cpp  >&5
configure:12417: $? = 0
configure:12417: result: yes
configure:12430: checking for renameat
configure:12430: clang++ -o conftest -g -O2   conftest.cpp  >&5
configure:12430: $? = 0
configure:12430: result: yes
configure:12443: checking for symlinkat
configure:12443: clang++ -o conftest -g -O2   conftest.cpp  >&5
configure:12443: $? = 0
configure:12443: result: yes
configure:12456: checking for unlinkat
configure:12456: clang++ -o conftest -g -O2   conftest.cpp  >&5
configure:12456: $? = 0
configure:12456: result: yes
configure:12584: checking that generated files are newer than configure
configure:12590: result: done
configure:12641: creating ./config.status

## ---------------------- ##
## Running config.status. ##
## ---------------------- ##

This file was extended by libposix++ config.status 6335b6d-dirty, which was
generated by GNU Autoconf 2.69.  Invocation command line was

  CONFIG_FILES    = 
  CONFIG_HEADERS  = 
  CONFIG_LINKS    = 
  CONFIG_COMMANDS = 
  $ ./config.status 

on quake

config.status:1190: creating Makefile
config.status:1190: creating lib/Makefile
config.status:1190: creating src/Makefile
config.status:1190: creating src/posix++/Makefile
config.status:1190: creating test/Makefile
config.status:1190: creating src/posix++/version.h
config.status:1190: creating src/config.h
config.status:1419: executing depfiles commands
config.status:1496: cd lib       && sed -e '/# am--include-marker/d' Makefile         | make -f - am--depfiles
config.status:1501: $? = 0
config.status:1496: cd src/posix++       && sed -e '/# am--include-marker/d' Makefile         | make -f - am--depfiles
config.status:1501: $? = 0
config.status:1496: cd test       && sed -e '/# am--include-marker/d' Makefile         | make -f - am--depfiles
config.status:1501: $? = 0
config.status:1419: executing libtool commands

## ---------------- ##
## Cache variables. ##
## ---------------- ##

ac_cv_build=x86_64-pc-linux-gnu
ac_cv_c_compiler_gnu=yes
ac_cv_cxx_compiler_gnu=yes
ac_cv_env_CCC_set=
ac_cv_env_CCC_value=
ac_cv_env_CC_set=
ac_cv_env_CC_value=
ac_cv_env_CFLAGS_set=
ac_cv_env_CFLAGS_value=
ac_cv_env_CPPFLAGS_set=
ac_cv_env_CPPFLAGS_value=
ac_cv_env_CPP_set=
ac_cv_env_CPP_value=
ac_cv_env_CXXCPP_set=
ac_cv_env_CXXCPP_value=
ac_cv_env_CXXFLAGS_set=
ac_cv_env_CXXFLAGS_value=
ac_cv_env_CXX_set=
ac_cv_env_CXX_value=
ac_cv_env_LDFLAGS_set=
ac_cv_env_LDFLAGS_value=
ac_cv_env_LIBS_set=
ac_cv_env_LIBS_value=
ac_cv_env_LT_SYS_LIBRARY_PATH_set=
ac_cv_env_LT_SYS_LIBRARY_PATH_value=
ac_cv_env_build_alias_set=
ac_cv_env_build_alias_value=
ac_cv_env_host_alias_set=
ac_cv_env_host_alias_value=
ac_cv_env_target_alias_set=
ac_cv_env_target_alias_value=
ac_cv_func_accept4=yes
ac_cv_func_fdopendir=yes
ac_cv_func_fstatat=yes
ac_cv_func_linkat=yes
ac_cv_func_mkdirat=yes
ac_cv_func_mkfifoat=yes
ac_cv_func_openat=yes
ac_cv_func_readlinkat=yes
ac_cv_func_renameat=yes
ac_cv_func_symlinkat=yes
ac_cv_func_unlinkat=yes
ac_cv_header_dlfcn_h=yes
ac_cv_header_inttypes_h=yes
ac_cv_header_memory_h=yes
ac_cv_header_minix_config_h=no
ac_cv_header_mqueue_h=yes
ac_cv_header_stdbool_h=yes
ac_cv_header_stdc=yes
ac_cv_header_stdint_h=yes
ac_cv_header_stdlib_h=yes
ac_cv_header_string_h=yes
ac_cv_header_strings_h=yes
ac_cv_header_sys_stat_h=yes
ac_cv_header_sys_types_h=yes
ac_cv_header_unistd_h=yes
ac_cv_host=x86_64-pc-linux-gnu
ac_cv_objext=o
ac_cv_path_EGREP='/usr/bin/grep -E'
ac_cv_path_FGREP='/usr/bin/grep -F'
ac_cv_path_GREP=/usr/bin/grep
ac_cv_path_SED=/usr/bin/sed
ac_cv_path_install='/usr/bin/install -c'
ac_cv_path_lt_DD=/usr/bin/dd
ac_cv_path_mkdir=/usr/bin/mkdir
ac_cv_prog_AWK=mawk
ac_cv_prog_CPP='clang -E'
ac_cv_prog_CXXCPP='clang++ -E'
ac_cv_prog_ac_ct_AR=ar
ac_cv_prog_ac_ct_CC=clang
ac_cv_prog_ac_ct_CXX=clang++
ac_cv_prog_ac_ct_MANIFEST_TOOL=mt
ac_cv_prog_ac_ct_OBJDUMP=objdump
ac_cv_prog_ac_ct_RANLIB=ranlib
ac_cv_prog_ac_ct_STRIP=strip
ac_cv_prog_cc_c89=
ac_cv_prog_cc_c99=
ac_cv_prog_cc_g=yes
ac_cv_prog_cxx_g=yes
ac_cv_prog_make_make_set=yes
ac_cv_safe_to_define___extensions__=yes
ac_cv_type__Bool=yes
am_cv_CC_dependencies_compiler_type=gcc3
am_cv_CXX_dependencies_compiler_type=gcc3
am_cv_ar_interface=ar
am_cv_make_support_nested_variables=yes
am_cv_prog_cc_c_o=yes
ax_cv_cxx_compile_cxx11=yes
lt_cv_ar_at_file=@
lt_cv_archive_cmds_need_lc=no
lt_cv_deplibs_check_method=pass_all
lt_cv_file_magic_cmd='$MAGIC_CMD'
lt_cv_file_magic_test_file=
lt_cv_ld_reload_flag=-r
lt_cv_nm_interface='BSD nm'
lt_cv_objdir=.libs
lt_cv_path_LD=/usr/bin/ld
lt_cv_path_LDCXX='/usr/bin/ld -m elf_x86_64'
lt_cv_path_NM='/usr/bin/nm -B'
lt_cv_path_mainfest_tool=no
lt_cv_prog_compiler_c_o=yes
lt_cv_prog_compiler_c_o_CXX=yes
lt_cv_prog_compiler_pic='-fPIC -DPIC'
lt_cv_prog_compiler_pic_CXX='-fPIC -DPIC'
lt_cv_prog_compiler_pic_works=yes
lt_cv_prog_compiler_pic_works_CXX=yes
lt_cv_prog_compiler_rtti_exceptions=yes
lt_cv_prog_compiler_static_works=yes
lt_cv_prog_compiler_static_works_CXX=yes
lt_cv_prog_gnu_ld=yes
lt_cv_prog_gnu_ldcxx=yes
lt_cv_sharedlib_from_linklib_cmd='printf %s\n'
lt_cv_shlibpath_overrides_runpath=yes
lt_cv_sys_global_symbol_pipe='sed -n -e '\''s/^.*[	 ]\([ABCDGIRSTW][ABCDGIRSTW]*\)[	 ][	 ]*\([_A-Za-z][_A-Za-z0-9]*\)$/\1 \2 \2/p'\'' | sed '\''/ __gnu_lto/d'\'''
lt_cv_sys_global_symbol_to_c_name_address='sed -n -e '\''s/^: \(.*\) .*$/  {"\1", (void *) 0},/p'\'' -e '\''s/^[ABCDGIRSTW][ABCDGIRSTW]* .* \(.*\)$/  {"\1", (void *) \&\1},/p'\'''
lt_cv_sys_global_symbol_to_c_name_address_lib_prefix='sed -n -e '\''s/^: \(.*\) .*$/  {"\1", (void *) 0},/p'\'' -e '\''s/^[ABCDGIRSTW][ABCDGIRSTW]* .* \(lib.*\)$/  {"\1", (void *) \&\1},/p'\'' -e '\''s/^[ABCDGIRSTW][ABCDGIRSTW]* .* \(.*\)$/  {"lib\1", (void *) \&\1},/p'\'''
lt_cv_sys_global_symbol_to_cdecl='sed -n -e '\''s/^T .* \(.*\)$/extern int \1();/p'\'' -e '\''s/^[ABCDGIRSTW][ABCDGIRSTW]* .* \(.*\)$/extern char \1;/p'\'''
lt_cv_sys_global_symbol_to_import=
lt_cv_sys_max_cmd_len=1572864
lt_cv_to_host_file_cmd=func_convert_file_noop
lt_cv_to_tool_file_cmd=func_convert_file_noop
lt_cv_truncate_bin='/usr/bin/dd bs=4096 count=1'

## ----------------- ##
## Output variables. ##
## ----------------- ##

ACLOCAL='${SHELL} /home/quake/Projects/LuaJIT-Std/libposix/etc/aclocal/missing aclocal-1.16'
AMDEPBACKSLASH='\'
AMDEP_FALSE='#'
AMDEP_TRUE=''
AMTAR='$${TAR-tar}'
AM_BACKSLASH='\'
AM_CPPFLAGS=' -I$(top_srcdir)/src -iquote $(srcdir)'
AM_CXXFLAGS=' -Wall -Wextra -pipe'
AM_DEFAULT_V='$(AM_DEFAULT_VERBOSITY)'
AM_DEFAULT_VERBOSITY='0'
AM_LDFLAGS=' -pthread -lrt'
AM_V='$(V)'
AR='ar'
AUTOCONF='${SHELL} /home/quake/Projects/LuaJIT-Std/libposix/etc/aclocal/missing autoconf'
AUTOHEADER='${SHELL} /home/quake/Projects/LuaJIT-Std/libposix/etc/aclocal/missing autoheader'
AUTOMAKE='${SHELL} /home/quake/Projects/LuaJIT-Std/libposix/etc/aclocal/missing automake-1.16'
AWK='mawk'
CC='clang'
CCDEPMODE='depmode=gcc3'
CFLAGS='-g -O2'
CPP='clang -E'
CPPFLAGS=''
CXX='clang++'
CXXCPP='clang++ -E'
CXXDEPMODE='depmode=gcc3'
CXXFLAGS='-g -O2'
CYGPATH_W='echo'
DEFS='-DHAVE_CONFIG_H'
DEPDIR='.deps'
DISABLE_MQUEUE_FALSE=''
DISABLE_MQUEUE_TRUE='#'
DISABLE_SEMAPHORE_FALSE=''
DISABLE_SEMAPHORE_TRUE='#'
DISABLE_SOCKET_FALSE=''
DISABLE_SOCKET_TRUE='#'
DISABLE_STDIO_FALSE=''
DISABLE_STDIO_TRUE='#'
DISABLE_SYSV_FALSE=''
DISABLE_SYSV_TRUE='#'
DLLTOOL='false'
DSYMUTIL=''
DUMPBIN=''
ECHO_C=''
ECHO_N='-n'
ECHO_T=''
EGREP='/usr/bin/grep -E'
ENABLE_DEBUG_FALSE=''
ENABLE_DEBUG_TRUE='#'
EXEEXT=''
FGREP='/usr/bin/grep -F'
GREP='/usr/bin/grep'
INSTALL_DATA='${INSTALL} -m 644'
INSTALL_PROGRAM='${INSTALL}'
INSTALL_SCRIPT='${INSTALL}'
INSTALL_STRIP_PROGRAM='$(install_sh) -c -s'
LD='/usr/bin/ld -m elf_x86_64'
LDFLAGS=''
LIBOBJS=''
LIBS=''
LIBTOOL='$(SHELL) $(top_builddir)/libtool'
LIPO=''
LN_S='ln -s'
LTLIBOBJS=''
LT_SYS_LIBRARY_PATH=''
MAKEINFO='${SHELL} /home/quake/Projects/LuaJIT-Std/libposix/etc/aclocal/missing makeinfo'
MANIFEST_TOOL=':'
MKDIR_P='/usr/bin/mkdir -p'
NM='/usr/bin/nm -B'
NMEDIT=''
OBJDUMP='objdump'
OBJEXT='o'
OTOOL64=''
OTOOL=''
PACKAGE='libposix++'
PACKAGE_BUGREPORT='arto@bendiken.net'
PACKAGE_NAME='libposix++'
PACKAGE_STRING='libposix++ 6335b6d-dirty'
PACKAGE_TARNAME='libposix++'
PACKAGE_URL='https://github.com/dryproject/libposixxx'
PACKAGE_VERSION='6335b6d-dirty'
PACKAGE_VERSION_MAJOR='0'
PACKAGE_VERSION_MINOR='0'
PACKAGE_VERSION_PATCH='0'
PATH_SEPARATOR=':'
RANLIB='ranlib'
SED='/usr/bin/sed'
SET_MAKE=''
SHELL='/bin/bash'
STRIP='strip'
TEST_CPPFLAGS=' -I$(top_srcdir)/src -iquote $(srcdir) -DCATCH_CONFIG_MAIN'
TEST_CXXFLAGS=' -Wall -Wextra -pipe'
TEST_LDFLAGS=' -pthread -lrt'
VERSION='6335b6d-dirty'
ac_ct_AR='ar'
ac_ct_CC='clang'
ac_ct_CXX='clang++'
ac_ct_DUMPBIN=''
am__EXEEXT_FALSE=''
am__EXEEXT_TRUE='#'
am__fastdepCC_FALSE='#'
am__fastdepCC_TRUE=''
am__fastdepCXX_FALSE='#'
am__fastdepCXX_TRUE=''
am__include='include'
am__isrc=''
am__leading_dot='.'
am__nodep='_no'
am__quote=''
am__tar='$${TAR-tar} chof - "$$tardir"'
am__untar='$${TAR-tar} xf -'
bindir='${exec_prefix}/bin'
build='x86_64-pc-linux-gnu'
build_alias=''
build_cpu='x86_64'
build_os='linux-gnu'
build_vendor='pc'
datadir='${datarootdir}'
datarootdir='${prefix}/share'
docdir='${datarootdir}/doc/${PACKAGE_TARNAME}'
dvidir='${docdir}'
exec_prefix='${prefix}'
host='x86_64-pc-linux-gnu'
host_alias=''
host_cpu='x86_64'
host_os='linux-gnu'
host_vendor='pc'
htmldir='${docdir}'
includedir='${prefix}/include'
infodir='${datarootdir}/info'
install_sh='${SHELL} /home/quake/Projects/LuaJIT-Std/libposix/etc/aclocal/install-sh'
libdir='${exec_prefix}/lib'
libexecdir='${exec_prefix}/libexec'
localedir='${datarootdir}/locale'
localstatedir='${prefix}/var'
mandir='${datarootdir}/man'
mkdir_p='$(MKDIR_P)'
oldincludedir='/usr/include'
pdfdir='${docdir}'
prefix='/usr/local'
program_transform_name='s,x,x,'
psdir='${docdir}'
runstatedir='${localstatedir}/run'
sbindir='${exec_prefix}/sbin'
sharedstatedir='${prefix}/com'
sysconfdir='${prefix}/etc'
target_alias=''

## ----------- ##
## confdefs.h. ##
## ----------- ##

/* confdefs.h */
#define PACKAGE_NAME "libposix++"
#define PACKAGE_TARNAME "libposix++"
#define PACKAGE_VERSION "6335b6d-dirty"
#define PACKAGE_STRING "libposix++ 6335b6d-dirty"
#define PACKAGE_BUGREPORT "arto@bendiken.net"
#define PACKAGE_URL "https://github.com/dryproject/libposixxx"
#define PACKAGE "libposix++"
#define VERSION "6335b6d-dirty"
#define STDC_HEADERS 1
#define HAVE_SYS_TYPES_H 1
#define HAVE_SYS_STAT_H 1
#define HAVE_STDLIB_H 1
#define HAVE_STRING_H 1
#define HAVE_MEMORY_H 1
#define HAVE_STRINGS_H 1
#define HAVE_INTTYPES_H 1
#define HAVE_STDINT_H 1
#define HAVE_UNISTD_H 1
#define __EXTENSIONS__ 1
#define _ALL_SOURCE 1
#define _GNU_SOURCE 1
#define _POSIX_PTHREAD_SEMANTICS 1
#define _TANDEM_SOURCE 1
#define HAVE_DLFCN_H 1
#define LT_OBJDIR ".libs/"
#define NDEBUG 1
#define HAVE__BOOL 1
#define HAVE_STDBOOL_H 1
#define HAVE_MQUEUE_H 1
#define HAVE_ACCEPT4 1
#define HAVE_FDOPENDIR 1
#define HAVE_FSTATAT 1
#define HAVE_LINKAT 1
#define HAVE_MKDIRAT 1
#define HAVE_MKFIFOAT 1
#define HAVE_OPENAT 1
#define HAVE_READLINKAT 1
#define HAVE_RENAMEAT 1
#define HAVE_SYMLINKAT 1
#define HAVE_UNLINKAT 1

configure: exit 0
